app/build/outputs/logs/manifest-merger-debug-report.txt
-- Merging decision tree log ---
manifest
ADDED from src/main/AndroidManifest.xml:2:1-52:12
INJECTED from src/main/AndroidManifest.xml:2:1-52:12
INJECTED from src/main/AndroidManifest.xml:2:1-52:12
INJECTED from src/main/AndroidManifest.xml:2:1-52:12
INJECTED from src/main/AndroidManifest.xml:2:1-52:12
INJECTED from src/main/AndroidManifest.xml:2:1-52:12
INJECTED from src/main/AndroidManifest.xml:2:1-52:12
	package
		ADDED from src/main/AndroidManifest.xml:3:11-37
		INJECTED from src/main/AndroidManifest.xml
		INJECTED from src/main/AndroidManifest.xml
	android:versionName
		ADDED from src/main/AndroidManifest.xml:5:11-36
		INJECTED from src/main/AndroidManifest.xml
		INJECTED from src/main/AndroidManifest.xml
	xmlns:android
		ADDED from src/main/AndroidManifest.xml:2:11-69
	android:versionCode
		ADDED from src/main/AndroidManifest.xml:4:11-34
		INJECTED from src/main/AndroidManifest.xml
		INJECTED from src/main/AndroidManifest.xml
uses-permission#android.permission.INTERNET
ADDED from src/main/AndroidManifest.xml:13:5-67
	android:name
		ADDED from src/main/AndroidManifest.xml:13:22-64
uses-permission#android.permission.WRITE_EXTERNAL_STORAGE
ADDED from src/main/AndroidManifest.xml:14:5-80
	android:name
		ADDED from src/main/AndroidManifest.xml:14:22-78
uses-permission#android.permission.ACCESS_NETWORK_STATE
ADDED from src/main/AndroidManifest.xml:16:5-78
	android:name
		ADDED from src/main/AndroidManifest.xml:16:22-76
application
ADDED from src/main/AndroidManifest.xml:18:5-51:19
	android:label
		ADDED from src/main/AndroidManifest.xml:19:18-50
	android:hardwareAccelerated
		ADDED from src/main/AndroidManifest.xml:20:18-52
	android:theme
		ADDED from src/main/AndroidManifest.xml:21:18-60
	android:name
		ADDED from src/main/AndroidManifest.xml:18:18-46
activity#edu.upc.whatsapp.a_WelcomeActivity
ADDED from src/main/AndroidManifest.xml:23:9-29:20
	android:label
		ADDED from src/main/AndroidManifest.xml:24:19-51
	android:name
		ADDED from src/main/AndroidManifest.xml:23:19-52
intent-filter#action:name:android.intent.action.MAIN+category:name:android.intent.category.LAUNCHER
ADDED from src/main/AndroidManifest.xml:25:13-28:29
action#android.intent.action.MAIN
ADDED from src/main/AndroidManifest.xml:26:17-69
	android:name
		ADDED from src/main/AndroidManifest.xml:26:25-66
category#android.intent.category.LAUNCHER
ADDED from src/main/AndroidManifest.xml:27:17-77
	android:name
		ADDED from src/main/AndroidManifest.xml:27:27-74
activity#edu.upc.whatsapp.b_LoginActivity
ADDED from src/main/AndroidManifest.xml:31:9-35:20
	android:screenOrientation
		ADDED from src/main/AndroidManifest.xml:32:19-55
	android:label
		ADDED from src/main/AndroidManifest.xml:34:19-45
	android:theme
		ADDED from src/main/AndroidManifest.xml:33:19-62
	android:name
		ADDED from src/main/AndroidManifest.xml:31:19-49
activity#edu.upc.whatsapp.c_RegistrationActivity
ADDED from src/main/AndroidManifest.xml:36:9-40:20
	android:screenOrientation
		ADDED from src/main/AndroidManifest.xml:37:19-55
	android:label
		ADDED from src/main/AndroidManifest.xml:38:19-47
	android:windowSoftInputMode
		ADDED from src/main/AndroidManifest.xml:39:19-60
	android:name
		ADDED from src/main/AndroidManifest.xml:36:19-56
activity#edu.upc.whatsapp.d_UsersListActivity
ADDED from src/main/AndroidManifest.xml:41:9-43:20
	android:label
		ADDED from src/main/AndroidManifest.xml:42:19-45
	android:name
		ADDED from src/main/AndroidManifest.xml:41:19-53
activity#edu.upc.whatsapp.e_MessagesActivity
ADDED from src/main/AndroidManifest.xml:44:9-47:20
	android:label
		ADDED from src/main/AndroidManifest.xml:45:19-43
	android:windowSoftInputMode
		ADDED from src/main/AndroidManifest.xml:46:19-60
	android:name
		ADDED from src/main/AndroidManifest.xml:44:19-53
service#edu.upc.whatsapp.service.PushService
ADDED from src/main/AndroidManifest.xml:49:9-56
	android:name
		ADDED from src/main/AndroidManifest.xml:49:18-53
uses-sdk
INJECTED from src/main/AndroidManifest.xml reason: use-sdk injection requested
INJECTED from src/main/AndroidManifest.xml
INJECTED from src/main/AndroidManifest.xml
INJECTED from src/main/AndroidManifest.xml
INJECTED from src/main/AndroidManifest.xml
	android:targetSdkVersion
		INJECTED from src/main/AndroidManifest.xml
		ADDED from src/main/AndroidManifest.xml
		INJECTED from src/main/AndroidManifest.xml
	android:minSdkVersion
		INJECTED from src/main/AndroidManifest.xml
		ADDED from src/main/AndroidManifest.xml
		INJECTED from src/main/AndroidManifest.xml